<?xml version="1.0" encoding="UTF-8"?>
<testsuite xmlns:xsi="http://www.w3.org/2001/XMLSchema-instance" xsi:noNamespaceSchemaLocation="https://maven.apache.org/surefire/maven-surefire-plugin/xsd/surefire-test-report-3.0.xsd" version="3.0" name="stepdefinitions.TestRunner" time="1.481" tests="3" errors="0" skipped="0" failures="0">
  <properties>
    <property name="gopherProxySet" value="false"/>
    <property name="awt.toolkit" value="sun.lwawt.macosx.LWCToolkit"/>
    <property name="file.encoding.pkg" value="sun.io"/>
    <property name="java.specification.version" value="1.8"/>
    <property name="sun.cpu.isalist" value=""/>
    <property name="sun.jnu.encoding" value="UTF-8"/>
    <property name="java.class.path" value="/Users/ats/Documents/cucumberproject/target/test-classes:/Users/ats/Documents/cucumberproject/target/classes:/Users/ats/.m2/repository/io/cucumber/cucumber-java/7.15.0/cucumber-java-7.15.0.jar:/Users/ats/.m2/repository/io/cucumber/cucumber-core/7.15.0/cucumber-core-7.15.0.jar:/Users/ats/.m2/repository/io/cucumber/cucumber-gherkin/7.15.0/cucumber-gherkin-7.15.0.jar:/Users/ats/.m2/repository/io/cucumber/cucumber-gherkin-messages/7.15.0/cucumber-gherkin-messages-7.15.0.jar:/Users/ats/.m2/repository/io/cucumber/gherkin/26.2.0/gherkin-26.2.0.jar:/Users/ats/.m2/repository/io/cucumber/messages/22.0.0/messages-22.0.0.jar:/Users/ats/.m2/repository/io/cucumber/tag-expressions/6.0.0/tag-expressions-6.0.0.jar:/Users/ats/.m2/repository/io/cucumber/cucumber-expressions/17.0.1/cucumber-expressions-17.0.1.jar:/Users/ats/.m2/repository/io/cucumber/datatable/7.15.0/datatable-7.15.0.jar:/Users/ats/.m2/repository/io/cucumber/cucumber-plugin/7.15.0/cucumber-plugin-7.15.0.jar:/Users/ats/.m2/repository/io/cucumber/docstring/7.15.0/docstring-7.15.0.jar:/Users/ats/.m2/repository/io/cucumber/html-formatter/20.4.0/html-formatter-20.4.0.jar:/Users/ats/.m2/repository/io/cucumber/junit-xml-formatter/0.2.0/junit-xml-formatter-0.2.0.jar:/Users/ats/.m2/repository/io/cucumber/ci-environment/10.0.0/ci-environment-10.0.0.jar:/Users/ats/.m2/repository/org/apiguardian/apiguardian-api/1.1.2/apiguardian-api-1.1.2.jar:/Users/ats/.m2/repository/io/cucumber/cucumber-junit/7.15.0/cucumber-junit-7.15.0.jar:/Users/ats/.m2/repository/io/rest-assured/rest-assured/4.4.0/rest-assured-4.4.0.jar:/Users/ats/.m2/repository/org/codehaus/groovy/groovy/3.0.8/groovy-3.0.8.jar:/Users/ats/.m2/repository/org/codehaus/groovy/groovy-xml/3.0.8/groovy-xml-3.0.8.jar:/Users/ats/.m2/repository/org/apache/httpcomponents/httpclient/4.5.13/httpclient-4.5.13.jar:/Users/ats/.m2/repository/org/apache/httpcomponents/httpcore/4.4.13/httpcore-4.4.13.jar:/Users/ats/.m2/repository/commons-logging/commons-logging/1.2/commons-logging-1.2.jar:/Users/ats/.m2/repository/commons-codec/commons-codec/1.11/commons-codec-1.11.jar:/Users/ats/.m2/repository/org/apache/httpcomponents/httpmime/4.5.13/httpmime-4.5.13.jar:/Users/ats/.m2/repository/org/hamcrest/hamcrest/2.1/hamcrest-2.1.jar:/Users/ats/.m2/repository/org/ccil/cowan/tagsoup/tagsoup/1.2.1/tagsoup-1.2.1.jar:/Users/ats/.m2/repository/io/rest-assured/json-path/4.4.0/json-path-4.4.0.jar:/Users/ats/.m2/repository/org/codehaus/groovy/groovy-json/3.0.8/groovy-json-3.0.8.jar:/Users/ats/.m2/repository/io/rest-assured/rest-assured-common/4.4.0/rest-assured-common-4.4.0.jar:/Users/ats/.m2/repository/io/rest-assured/xml-path/4.4.0/xml-path-4.4.0.jar:/Users/ats/.m2/repository/org/apache/commons/commons-lang3/3.11/commons-lang3-3.11.jar:/Users/ats/.m2/repository/jakarta/xml/bind/jakarta.xml.bind-api/2.3.3/jakarta.xml.bind-api-2.3.3.jar:/Users/ats/.m2/repository/jakarta/activation/jakarta.activation-api/1.2.2/jakarta.activation-api-1.2.2.jar:/Users/ats/.m2/repository/com/sun/xml/bind/jaxb-impl/2.3.3/jaxb-impl-2.3.3.jar:/Users/ats/.m2/repository/junit/junit/4.13.2/junit-4.13.2.jar:/Users/ats/.m2/repository/org/hamcrest/hamcrest-core/1.3/hamcrest-core-1.3.jar:"/>
    <property name="java.vm.vendor" value="Oracle Corporation"/>
    <property name="sun.arch.data.model" value="64"/>
    <property name="java.vendor.url" value="http://java.oracle.com/"/>
    <property name="user.timezone" value=""/>
    <property name="user.country.format" value="IN"/>
    <property name="java.vm.specification.version" value="1.8"/>
    <property name="os.name" value="Mac OS X"/>
    <property name="user.country" value="GB"/>
    <property name="sun.java.launcher" value="SUN_STANDARD"/>
    <property name="sun.boot.library.path" value="/Library/Java/JavaVirtualMachines/jdk-1.8.jdk/Contents/Home/jre/lib"/>
    <property name="sun.java.command" value="/Users/ats/Documents/cucumberproject/target/surefire/surefirebooter780614176002376482.jar /Users/ats/Documents/cucumberproject/target/surefire 2024-03-09T11-45-32_454-jvmRun1 surefire393777118709003494tmp surefire_0679490866105544147tmp"/>
    <property name="http.nonProxyHosts" value="local|*.local|169.254/16|*.169.254/16"/>
    <property name="surefire.test.class.path" value="/Users/ats/Documents/cucumberproject/target/test-classes:/Users/ats/Documents/cucumberproject/target/classes:/Users/ats/.m2/repository/io/cucumber/cucumber-java/7.15.0/cucumber-java-7.15.0.jar:/Users/ats/.m2/repository/io/cucumber/cucumber-core/7.15.0/cucumber-core-7.15.0.jar:/Users/ats/.m2/repository/io/cucumber/cucumber-gherkin/7.15.0/cucumber-gherkin-7.15.0.jar:/Users/ats/.m2/repository/io/cucumber/cucumber-gherkin-messages/7.15.0/cucumber-gherkin-messages-7.15.0.jar:/Users/ats/.m2/repository/io/cucumber/gherkin/26.2.0/gherkin-26.2.0.jar:/Users/ats/.m2/repository/io/cucumber/messages/22.0.0/messages-22.0.0.jar:/Users/ats/.m2/repository/io/cucumber/tag-expressions/6.0.0/tag-expressions-6.0.0.jar:/Users/ats/.m2/repository/io/cucumber/cucumber-expressions/17.0.1/cucumber-expressions-17.0.1.jar:/Users/ats/.m2/repository/io/cucumber/datatable/7.15.0/datatable-7.15.0.jar:/Users/ats/.m2/repository/io/cucumber/cucumber-plugin/7.15.0/cucumber-plugin-7.15.0.jar:/Users/ats/.m2/repository/io/cucumber/docstring/7.15.0/docstring-7.15.0.jar:/Users/ats/.m2/repository/io/cucumber/html-formatter/20.4.0/html-formatter-20.4.0.jar:/Users/ats/.m2/repository/io/cucumber/junit-xml-formatter/0.2.0/junit-xml-formatter-0.2.0.jar:/Users/ats/.m2/repository/io/cucumber/ci-environment/10.0.0/ci-environment-10.0.0.jar:/Users/ats/.m2/repository/org/apiguardian/apiguardian-api/1.1.2/apiguardian-api-1.1.2.jar:/Users/ats/.m2/repository/io/cucumber/cucumber-junit/7.15.0/cucumber-junit-7.15.0.jar:/Users/ats/.m2/repository/io/rest-assured/rest-assured/4.4.0/rest-assured-4.4.0.jar:/Users/ats/.m2/repository/org/codehaus/groovy/groovy/3.0.8/groovy-3.0.8.jar:/Users/ats/.m2/repository/org/codehaus/groovy/groovy-xml/3.0.8/groovy-xml-3.0.8.jar:/Users/ats/.m2/repository/org/apache/httpcomponents/httpclient/4.5.13/httpclient-4.5.13.jar:/Users/ats/.m2/repository/org/apache/httpcomponents/httpcore/4.4.13/httpcore-4.4.13.jar:/Users/ats/.m2/repository/commons-logging/commons-logging/1.2/commons-logging-1.2.jar:/Users/ats/.m2/repository/commons-codec/commons-codec/1.11/commons-codec-1.11.jar:/Users/ats/.m2/repository/org/apache/httpcomponents/httpmime/4.5.13/httpmime-4.5.13.jar:/Users/ats/.m2/repository/org/hamcrest/hamcrest/2.1/hamcrest-2.1.jar:/Users/ats/.m2/repository/org/ccil/cowan/tagsoup/tagsoup/1.2.1/tagsoup-1.2.1.jar:/Users/ats/.m2/repository/io/rest-assured/json-path/4.4.0/json-path-4.4.0.jar:/Users/ats/.m2/repository/org/codehaus/groovy/groovy-json/3.0.8/groovy-json-3.0.8.jar:/Users/ats/.m2/repository/io/rest-assured/rest-assured-common/4.4.0/rest-assured-common-4.4.0.jar:/Users/ats/.m2/repository/io/rest-assured/xml-path/4.4.0/xml-path-4.4.0.jar:/Users/ats/.m2/repository/org/apache/commons/commons-lang3/3.11/commons-lang3-3.11.jar:/Users/ats/.m2/repository/jakarta/xml/bind/jakarta.xml.bind-api/2.3.3/jakarta.xml.bind-api-2.3.3.jar:/Users/ats/.m2/repository/jakarta/activation/jakarta.activation-api/1.2.2/jakarta.activation-api-1.2.2.jar:/Users/ats/.m2/repository/com/sun/xml/bind/jaxb-impl/2.3.3/jaxb-impl-2.3.3.jar:/Users/ats/.m2/repository/junit/junit/4.13.2/junit-4.13.2.jar:/Users/ats/.m2/repository/org/hamcrest/hamcrest-core/1.3/hamcrest-core-1.3.jar:"/>
    <property name="sun.cpu.endian" value="little"/>
    <property name="user.home" value="/Users/ats"/>
    <property name="user.language" value="en"/>
    <property name="java.specification.vendor" value="Oracle Corporation"/>
    <property name="java.home" value="/Library/Java/JavaVirtualMachines/jdk-1.8.jdk/Contents/Home/jre"/>
    <property name="basedir" value="/Users/ats/Documents/cucumberproject"/>
    <property name="file.separator" value="/"/>
    <property name="line.separator" value="&#10;"/>
    <property name="java.vm.specification.vendor" value="Oracle Corporation"/>
    <property name="java.specification.name" value="Java Platform API Specification"/>
    <property name="java.awt.graphicsenv" value="sun.awt.CGraphicsEnvironment"/>
    <property name="surefire.real.class.path" value="/Users/ats/Documents/cucumberproject/target/surefire/surefirebooter780614176002376482.jar"/>
    <property name="sun.boot.class.path" value="/Library/Java/JavaVirtualMachines/jdk-1.8.jdk/Contents/Home/jre/lib/resources.jar:/Library/Java/JavaVirtualMachines/jdk-1.8.jdk/Contents/Home/jre/lib/rt.jar:/Library/Java/JavaVirtualMachines/jdk-1.8.jdk/Contents/Home/jre/lib/jsse.jar:/Library/Java/JavaVirtualMachines/jdk-1.8.jdk/Contents/Home/jre/lib/jce.jar:/Library/Java/JavaVirtualMachines/jdk-1.8.jdk/Contents/Home/jre/lib/charsets.jar:/Library/Java/JavaVirtualMachines/jdk-1.8.jdk/Contents/Home/jre/lib/jfr.jar:/Library/Java/JavaVirtualMachines/jdk-1.8.jdk/Contents/Home/jre/classes"/>
    <property name="sun.management.compiler" value="HotSpot 64-Bit Tiered Compilers"/>
    <property name="ftp.nonProxyHosts" value="local|*.local|169.254/16|*.169.254/16"/>
    <property name="java.runtime.version" value="1.8.0_391-b13"/>
    <property name="user.name" value="ats"/>
    <property name="path.separator" value=":"/>
    <property name="os.version" value="14.3.1"/>
    <property name="java.endorsed.dirs" value="/Library/Java/JavaVirtualMachines/jdk-1.8.jdk/Contents/Home/jre/lib/endorsed"/>
    <property name="java.runtime.name" value="Java(TM) SE Runtime Environment"/>
    <property name="file.encoding" value="UTF-8"/>
    <property name="java.vm.name" value="Java HotSpot(TM) 64-Bit Server VM"/>
    <property name="localRepository" value="/Users/ats/.m2/repository"/>
    <property name="java.vendor.url.bug" value="http://bugreport.sun.com/bugreport/"/>
    <property name="java.io.tmpdir" value="/var/folders/v9/g3wzyy6x7575q1tmq6m8gkm40000gn/T/"/>
    <property name="java.version" value="1.8.0_391"/>
    <property name="user.dir" value="/Users/ats/Documents/cucumberproject"/>
    <property name="os.arch" value="aarch64"/>
    <property name="java.vm.specification.name" value="Java Virtual Machine Specification"/>
    <property name="java.awt.printerjob" value="sun.lwawt.macosx.CPrinterJob"/>
    <property name="sun.os.patch.level" value="unknown"/>
    <property name="java.library.path" value="/Users/ats/Library/Java/Extensions:/Library/Java/Extensions:/Network/Library/Java/Extensions:/System/Library/Java/Extensions:/usr/lib/java:."/>
    <property name="java.vm.info" value="mixed mode"/>
    <property name="java.vendor" value="Oracle Corporation"/>
    <property name="java.vm.version" value="25.391-b13"/>
    <property name="java.specification.maintenance.version" value="5"/>
    <property name="java.ext.dirs" value="/Users/ats/Library/Java/Extensions:/Library/Java/JavaVirtualMachines/jdk-1.8.jdk/Contents/Home/jre/lib/ext:/Library/Java/Extensions:/Network/Library/Java/Extensions:/System/Library/Java/Extensions:/usr/lib/java"/>
    <property name="sun.io.unicode.encoding" value="UnicodeBig"/>
    <property name="java.class.version" value="52.0"/>
    <property name="socksNonProxyHosts" value="local|*.local|169.254/16|*.169.254/16"/>
  </properties>
  <testcase name="Send OTP Validation" classname="Login Feature" time="0.882">
    <system-out><![CDATA[
Scenario: Send OTP Validation          &amp#27;[90m# src/test/resources/features/login.feature:6&amp#27;[0m
  &amp#27;[32mGiven &amp#27;[0m&amp#27;[32mI am on the login page&amp#27;[0m         &amp#27;[90m# stepdefinitions.SendOTPStepDefinitions.iAmOnLoginPage()&amp#27;[0m
  &amp#27;[32mWhen &amp#27;[0m&amp#27;[32mI send OTP for game &amp#27;[0m&amp#27;[32m&amp#27;[1m"bgmi"&amp#27;[0m      &amp#27;[90m# stepdefinitions.SendOTPStepDefinitions.iSendOTPForGame(java.lang.String)&amp#27;[0m
{"message":"Otp Sent","provider":"GUPSHUP"}
  &amp#27;[32mThen &amp#27;[0m&amp#27;[32mOTP should be sent successfully&amp#27;[0m &amp#27;[90m# stepdefinitions.SendOTPStepDefinitions.otpShouldBeSentSuccessfully()&amp#27;[0m
]]></system-out>
  </testcase>
  <testcase name="Verify OTP Validation" classname="Login Feature" time="0.157">
    <system-out><![CDATA[
Scenario: Verify OTP Validation            &amp#27;[90m# src/test/resources/features/login.feature:11&amp#27;[0m
  &amp#27;[32mGiven &amp#27;[0m&amp#27;[32mI am on the OTP verification page&amp#27;[0m  &amp#27;[90m# stepdefinitions.VerifyOTPStepDefinitions.iAmOnOTPVerificationPage()&amp#27;[0m
  &amp#27;[32mWhen &amp#27;[0m&amp#27;[32mI verify OTP &amp#27;[0m&amp#27;[32m&amp#27;[1m"5555"&amp#27;[0m&amp#27;[32m for game &amp#27;[0m&amp#27;[32m&amp#27;[1m"bgmi"&amp#27;[0m &amp#27;[90m# stepdefinitions.VerifyOTPStepDefinitions.iVerifyOTPForGame(java.lang.String,java.lang.String)&amp#27;[0m
{"access_token":"eyJhbGciOiJIUzI1NiIsInR5cCI6IkpXVCJ9.eyJiZ21pUHJvZmlsZUlkIjo0Mzc5MjksImV4cCI6MTcxMjU1NjkzNCwiZnJlZWZpcmVQcm9maWxlSWQiOjQzNzkzOCwiaWF0IjoxNzA5OTY0OTM0LCJpZCI6NTA5NjIxfQ.cEE7ilLKT7QJz5llbqg9TaliJakrdEiddIEY7SpCfek","firebase_token":"eyJhbGciOiJSUzI1NiIsInR5cCI6IkpXVCJ9.eyJpc3MiOiJmaXJlYmFzZS1hZG1pbnNkay1teGcyc0BzdGFuLXJuLmlhbS5nc2VydmljZWFjY291bnQuY29tIiwiYXVkIjoiaHR0cHM6Ly9pZGVudGl0eXRvb2xraXQuZ29vZ2xlYXBpcy5jb20vZ29vZ2xlLmlkZW50aXR5LmlkZW50aXR5dG9vbGtpdC52MS5JZGVudGl0eVRvb2xraXQiLCJleHAiOjE3MDk5Njg1MzQsImlhdCI6MTcwOTk2NDkzNCwic3ViIjoiZmlyZWJhc2UtYWRtaW5zZGstbXhnMnNAc3Rhbi1ybi5pYW0uZ3NlcnZpY2VhY2NvdW50LmNvbSIsInVpZCI6IjUwOTYyMSJ9.BskXT9KVXXoS18NnU68gbBt9k6FhqF9CuTFwYWOW89wb4TeStMxQYF56vlrjaTflzbvgTei1iqoMdrSJGwIYDe43P1QFb26l7RsRaxmyfqntVud10tyG_KI58HW_qSD-jKYN3Q5pHZx-gDsT9PFNtEz7jSayW7OpANtGk4FeLpUMgVnhBeiMJIIUQxfQeGELciqUDEmVVSKCid8j3_bOBt-K8KqfTwkxETK-RJAUDRT5dSPiSQonvVb1r8U4vW9UIZN8q7iz5IeFtGuNsUbeh2Rxi_CsaqY2w3HOM8wSbO9No0Klz01wjw3C9rvFk5Hxrdgw-GQbufw4taRQssb6-g","isFirstProfileCreated":true,"isNewUser":false,"isOnboardingCompleted":true,"nftCount":6,"refresh_token":"eyJhbGciOiJIUzI1NiIsInR5cCI6IkpXVCJ9.eyJiZ21pUHJvZmlsZUlkIjo0Mzc5MjksImV4cCI6MTcxNzc0MDkzNCwiZnJlZWZpcmVQcm9maWxlSWQiOjQzNzkzOCwiaWF0IjoxNzA5OTY0OTM0LCJpZCI6NTA5NjIxfQ.IsnpkFuriFga_XS5u3Eam7-5ablyQT8QsIPZJSYeF30","user":{"bgmiProfileId":437929,"bio":"Ghhfhgjghugugy ghgjhfhhhdjjjh gyvycycctxtxtxtctctxtxtuvuhdhd","coverPic":"","deviceId":"36e27f877d1a7c25","email":"","emailVerified":false,"freefireProfileId":437938,"gameId":"freefire","id":509621,"name":"Opgamer","phone":"+919999999999","phoneNumberVerified":1,"profileId":437938,"profilePic":"","referralCode":"7PGNE509","username":"Y0Z1OZAN"}}
  &amp#27;[32mThen &amp#27;[0m&amp#27;[32mOTP should be verified successfully&amp#27;[0m &amp#27;[90m# stepdefinitions.VerifyOTPStepDefinitions.otpShouldBeVerifiedSuccessfully()&amp#27;[0m
]]></system-out>
  </testcase>
  <testcase name="Select Game Validation" classname="Login Feature" time="0.141">
    <system-out><![CDATA[
Scenario: Select Game Validation            &amp#27;[90m# src/test/resources/features/login.feature:16&amp#27;[0m
  &amp#27;[32mGiven &amp#27;[0m&amp#27;[32mI am on the game selection page&amp#27;[0m     &amp#27;[90m# stepdefinitions.SelectGameStepDefinitions.iAmOnGameSelectionPage()&amp#27;[0m
  &amp#27;[32mWhen &amp#27;[0m&amp#27;[32mI select game &amp#27;[0m&amp#27;[32m&amp#27;[1m"bgmi"&amp#27;[0m                 &amp#27;[90m# stepdefinitions.SelectGameStepDefinitions.iSelectGame(java.lang.String)&amp#27;[0m
{"status": 400, "message": "Please update your app to latest version from Google Play Store"}
  &amp#27;[32mThen &amp#27;[0m&amp#27;[32mGame should be selected successfully&amp#27;[0m &amp#27;[90m# stepdefinitions.SelectGameStepDefinitions.gameShouldBeSelectedSuccessfully()&amp#27;[0m
]]></system-out>
  </testcase>
</testsuite>